2023-11-10 14:03:47,302 INFO o.h.v.i.u.Version [background-preinit] HV000001: Hibernate Validator 8.0.1.Final
2023-11-10 14:03:47,361 INFO o.s.b.StartupInfoLogger [main] Starting Application using Java 21.0.1 with PID 24692 (C:\work\decprg.order\target\classes started by oarth in C:\work\decprg.order)
2023-11-10 14:03:47,367 INFO o.s.b.SpringApplication [main] No active profile set, falling back to 1 default profile: "default"
2023-11-10 14:03:48,234 INFO o.s.d.r.c.RepositoryConfigurationDelegate [main] Bootstrapping Spring Data JPA repositories in DEFAULT mode.
2023-11-10 14:03:48,293 INFO o.s.d.r.c.RepositoryConfigurationDelegate [main] Finished Spring Data repository scanning in 50 ms. Found 1 JPA repository interfaces.
2023-11-10 14:03:48,488 INFO o.s.c.c.s.GenericScope [main] BeanFactory id=121c5158-df1a-37a4-ac47-e0de90c9b6d5
2023-11-10 14:03:48,550 INFO o.s.c.s.PostProcessorRegistrationDelegate$BeanPostProcessorChecker [main] Bean 'bootcamp.micsrv.decprg.order.feign.ProductClient' of type [org.springframework.cloud.openfeign.FeignClientFactoryBean] is not eligible for getting processed by all BeanPostProcessors (for example: not eligible for auto-proxying)
2023-11-10 14:03:48,555 INFO o.s.c.s.PostProcessorRegistrationDelegate$BeanPostProcessorChecker [main] Bean 'bootcamp.micsrv.decprg.order.feign.UserClient' of type [org.springframework.cloud.openfeign.FeignClientFactoryBean] is not eligible for getting processed by all BeanPostProcessors (for example: not eligible for auto-proxying)
2023-11-10 14:03:48,929 INFO o.s.b.w.e.t.TomcatWebServer [main] Tomcat initialized with port(s): 8082 (http)
2023-11-10 14:03:48,942 INFO o.a.j.l.DirectJDKLog [main] Initializing ProtocolHandler ["http-nio-8082"]
2023-11-10 14:03:48,945 INFO o.a.j.l.DirectJDKLog [main] Starting service [Tomcat]
2023-11-10 14:03:48,945 INFO o.a.j.l.DirectJDKLog [main] Starting Servlet engine: [Apache Tomcat/10.1.15]
2023-11-10 14:03:49,061 INFO o.a.j.l.DirectJDKLog [main] Initializing Spring embedded WebApplicationContext
2023-11-10 14:03:49,062 INFO o.s.b.w.s.c.ServletWebServerApplicationContext [main] Root WebApplicationContext: initialization completed in 1639 ms
2023-11-10 14:03:49,109 INFO c.z.h.HikariDataSource [main] HikariPool-1 - Starting...
2023-11-10 14:03:49,360 INFO c.z.h.p.HikariPool [main] HikariPool-1 - Added connection conn0: url=jdbc:h2:mem:testdb user=SA
2023-11-10 14:03:49,362 INFO c.z.h.HikariDataSource [main] HikariPool-1 - Start completed.
2023-11-10 14:03:49,375 INFO o.s.b.a.h.H2ConsoleAutoConfiguration [main] H2 console available at '/h2'. Database available at 'jdbc:h2:mem:testdb'
2023-11-10 14:03:49,513 INFO o.h.j.i.u.LogHelper [main] HHH000204: Processing PersistenceUnitInfo [name: default]
2023-11-10 14:03:49,607 INFO o.h.Version [main] HHH000412: Hibernate ORM core version 6.2.13.Final
2023-11-10 14:03:49,610 INFO o.h.c.Environment [main] HHH000406: Using bytecode reflection optimizer
2023-11-10 14:03:49,942 INFO o.s.o.j.p.SpringPersistenceUnitInfo [main] No LoadTimeWeaver setup: ignoring JPA class transformer
2023-11-10 14:03:50,007 WARN o.h.e.j.d.i.DialectFactoryImpl [main] HHH90000025: H2Dialect does not need to be specified explicitly using 'hibernate.dialect' (remove the property setting and it will be selected by default)
2023-11-10 14:03:50,863 INFO o.h.e.t.j.p.i.JtaPlatformInitiator [main] HHH000489: No JTA platform available (set 'hibernate.transaction.jta.platform' to enable JTA platform integration)
2023-11-10 14:03:50,909 INFO o.s.o.j.AbstractEntityManagerFactoryBean [main] Initialized JPA EntityManagerFactory for persistence unit 'default'
2023-11-10 14:03:51,370 WARN o.s.b.a.o.j.JpaBaseConfiguration$JpaWebConfiguration [main] spring.jpa.open-in-view is enabled by default. Therefore, database queries may be performed during view rendering. Explicitly configure spring.jpa.open-in-view to disable this warning
2023-11-10 14:03:51,938 INFO o.a.j.l.DirectJDKLog [main] Starting ProtocolHandler ["http-nio-8082"]
2023-11-10 14:03:51,971 INFO o.s.b.w.e.t.TomcatWebServer [main] Tomcat started on port(s): 8082 (http) with context path ''
2023-11-10 14:03:51,981 INFO o.s.b.StartupInfoLogger [main] Started Application in 5.245 seconds (process running for 6.368)
2023-11-10 14:03:59,892 INFO o.a.j.l.DirectJDKLog [http-nio-8082-exec-2] Initializing Spring DispatcherServlet 'dispatcherServlet'
2023-11-10 14:03:59,893 INFO o.s.w.s.FrameworkServlet [http-nio-8082-exec-2] Initializing Servlet 'dispatcherServlet'
2023-11-10 14:03:59,895 INFO o.s.w.s.FrameworkServlet [http-nio-8082-exec-2] Completed initialization in 2 ms
2023-11-10 14:04:00,092 INFO b.m.d.o.c.OrderController [http-nio-8082-exec-2] Received request to create order: bootcamp.micsrv.decprg.order.model.Order@7a5029f8
2023-11-10 14:04:36,900 INFO b.m.d.o.c.OrderController [http-nio-8082-exec-4] Received request to create order: bootcamp.micsrv.decprg.order.model.Order@9f059ba
2023-11-10 14:04:51,502 INFO b.m.d.o.c.OrderController [http-nio-8082-exec-3] Received request to create order: bootcamp.micsrv.decprg.order.model.Order@15cedc5d
2023-11-10 14:05:51,724 INFO b.m.d.o.c.OrderController [http-nio-8082-exec-6] Received request to create order: bootcamp.micsrv.decprg.order.model.Order@2c37bd45
2023-11-10 14:06:18,908 INFO b.m.d.o.c.OrderController [http-nio-8082-exec-5] Received request to create order: bootcamp.micsrv.decprg.order.model.Order@73adb104
2023-11-10 14:07:19,916 INFO b.m.d.o.c.OrderController [http-nio-8082-exec-7] Received request to create order: bootcamp.micsrv.decprg.order.model.Order@79795eee
2023-11-10 14:07:26,058 INFO b.m.d.o.s.OrderService [http-nio-8082-exec-7] Creating order: bootcamp.micsrv.decprg.order.model.Order@79795eee
2023-11-10 14:07:30,600 INFO b.m.d.o.c.OrderController [http-nio-8082-exec-7] Order created with ID: 1
